<?xml version="1.0" encoding="UTF-8"?>
<!-- Generated by org.testng.reporters.JUnitXMLReporter -->
<testsuite ignored="0" hostname="LAPTOP-D6EH55C7" failures="0" tests="7" name="Default test" time="27.458" errors="0" timestamp="2024-07-20T19:44:31 IST">
  <testcase classname="testCases.TestCases" name="Testcase1" time="1.027"/>
  <testcase classname="testCases.TestCases" name="Testcase1" time="0.532"/>
  <testcase classname="testCases.TestCases" name="Testcase2" time="0.155"/>
  <testcase classname="testCases.TestCases" name="Testcase3" time="0.191"/>
  <testcase classname="testCases.TestCases" name="Testcase4" time="0.059"/>
  <testcase classname="testCases.TestCases" name="Testcase5" time="8.506"/>
  <testcase classname="testCases.TestCases" name="Testcase6" time="0.067"/>
</testsuite> <!-- Default test -->
