<?xml version="1.0" encoding="UTF-8"?>
<!-- Generated by org.testng.reporters.JUnitXMLReporter -->
<testsuite ignored="0" hostname="LAPTOP-D6EH55C7" failures="0" tests="7" name="Test" time="29.316" errors="0" timestamp="2024-07-20T19:51:14 IST">
  <testcase classname="testCases.TestCases" name="Testcase1" time="0.853"/>
  <testcase classname="testCases.TestCases" name="Testcase1" time="0.612"/>
  <testcase classname="testCases.TestCases" name="Testcase2" time="0.159"/>
  <testcase classname="testCases.TestCases" name="Testcase3" time="0.181"/>
  <testcase classname="testCases.TestCases" name="Testcase4" time="0.06"/>
  <testcase classname="testCases.TestCases" name="Testcase5" time="4.626"/>
  <testcase classname="testCases.TestCases" name="Testcase6" time="0.071"/>
</testsuite> <!-- Test -->
