<?xml version="1.0" encoding="UTF-8"?>
<testng-results ignored="0" total="2" passed="2" failed="0" skipped="0">
  <reporter-output>
  </reporter-output>
  <suite started-at="2024-07-19T20:06:18 IST" name="Suite" finished-at="2024-07-19T20:06:32 IST" duration-ms="13638">
    <groups>
    </groups>
    <test started-at="2024-07-19T20:06:18 IST" name="Test" finished-at="2024-07-19T20:06:32 IST" duration-ms="13638">
      <class name="testCases.LoginTest">
        <test-method is-config="true" signature="setupBrowser()[pri:0, instance:testCases.LoginTest@5965be2d]" started-at="2024-07-19T20:06:19 IST" name="setupBrowser" finished-at="2024-07-19T20:06:23 IST" duration-ms="3836" status="PASS">
          <reporter-output>
          </reporter-output>
        </test-method> <!-- setupBrowser -->
        <test-method signature="loginToApplication(java.lang.String,java.lang.String)[pri:0, instance:testCases.LoginTest@5965be2d]" started-at="2024-07-19T20:06:23 IST" name="loginToApplication" data-provider="loginDetails" finished-at="2024-07-19T20:06:23 IST" duration-ms="422" status="PASS">
          <params>
            <param index="0">
              <value>
                <![CDATA[ineuron@ineuron.ai]]>
              </value>
            </param>
            <param index="1">
              <value>
                <![CDATA[ineuron]]>
              </value>
            </param>
          </params>
          <reporter-output>
          </reporter-output>
        </test-method> <!-- loginToApplication -->
        <test-method is-config="true" signature="closeBrowser()[pri:0, instance:testCases.LoginTest@5965be2d]" started-at="2024-07-19T20:06:24 IST" name="closeBrowser" finished-at="2024-07-19T20:06:24 IST" duration-ms="245" status="PASS">
          <reporter-output>
          </reporter-output>
        </test-method> <!-- closeBrowser -->
        <test-method is-config="true" signature="setupBrowser()[pri:0, instance:testCases.LoginTest@5965be2d]" started-at="2024-07-19T20:06:24 IST" name="setupBrowser" finished-at="2024-07-19T20:06:25 IST" duration-ms="1668" status="PASS">
          <reporter-output>
          </reporter-output>
        </test-method> <!-- setupBrowser -->
        <test-method signature="loginToApplication(java.lang.String,java.lang.String)[pri:0, instance:testCases.LoginTest@5965be2d]" started-at="2024-07-19T20:06:25 IST" name="loginToApplication" data-provider="loginDetails" finished-at="2024-07-19T20:06:26 IST" duration-ms="312" status="PASS">
          <params>
            <param index="0">
              <value>
                <![CDATA[admin@admin.com]]>
              </value>
            </param>
            <param index="1">
              <value>
                <![CDATA[admin]]>
              </value>
            </param>
          </params>
          <reporter-output>
          </reporter-output>
        </test-method> <!-- loginToApplication -->
        <test-method is-config="true" signature="closeBrowser()[pri:0, instance:testCases.LoginTest@5965be2d]" started-at="2024-07-19T20:06:32 IST" name="closeBrowser" finished-at="2024-07-19T20:06:32 IST" duration-ms="212" status="PASS">
          <reporter-output>
          </reporter-output>
        </test-method> <!-- closeBrowser -->
      </class> <!-- testCases.LoginTest -->
    </test> <!-- Test -->
  </suite> <!-- Suite -->
</testng-results>
