<?xml version="1.0" encoding="UTF-8"?>
<testng-results ignored="0" total="7" passed="7" failed="0" skipped="0">
  <reporter-output>
  </reporter-output>
  <suite started-at="2024-07-20T19:50:44 IST" name="Suite" finished-at="2024-07-20T19:51:14 IST" duration-ms="29316">
    <groups>
    </groups>
    <test started-at="2024-07-20T19:50:44 IST" name="Test" finished-at="2024-07-20T19:51:14 IST" duration-ms="29316">
      <class name="testCases.TestCases">
        <test-method is-config="true" signature="setupBrowser()[pri:0, instance:testCases.TestCases@291a7e3c]" started-at="2024-07-20T19:50:46 IST" name="setupBrowser" finished-at="2024-07-20T19:50:52 IST" duration-ms="6542" status="PASS">
          <reporter-output>
          </reporter-output>
        </test-method> <!-- setupBrowser -->
        <test-method signature="Testcase1(java.lang.String,java.lang.String)[pri:1, instance:testCases.TestCases@291a7e3c]" started-at="2024-07-20T19:50:52 IST" name="Testcase1" data-provider="loginDetails" finished-at="2024-07-20T19:50:53 IST" duration-ms="853" status="PASS">
          <params>
            <param index="0">
              <value>
                <![CDATA[ Shubhamnakade@gmail.com]]>
              </value>
            </param>
            <param index="1">
              <value>
                <![CDATA[Password]]>
              </value>
            </param>
          </params>
          <reporter-output>
          </reporter-output>
        </test-method> <!-- Testcase1 -->
        <test-method is-config="true" signature="closeBrowser()[pri:0, instance:testCases.TestCases@291a7e3c]" started-at="2024-07-20T19:50:54 IST" name="closeBrowser" finished-at="2024-07-20T19:50:54 IST" duration-ms="475" status="PASS">
          <reporter-output>
          </reporter-output>
        </test-method> <!-- closeBrowser -->
        <test-method is-config="true" signature="setupBrowser()[pri:0, instance:testCases.TestCases@291a7e3c]" started-at="2024-07-20T19:50:54 IST" name="setupBrowser" finished-at="2024-07-20T19:50:56 IST" duration-ms="1968" status="PASS">
          <reporter-output>
          </reporter-output>
        </test-method> <!-- setupBrowser -->
        <test-method signature="Testcase1(java.lang.String,java.lang.String)[pri:1, instance:testCases.TestCases@291a7e3c]" started-at="2024-07-20T19:50:56 IST" name="Testcase1" data-provider="loginDetails" finished-at="2024-07-20T19:50:57 IST" duration-ms="612" status="PASS">
          <params>
            <param index="0">
              <value>
                <![CDATA[ Snakade@gmail.com]]>
              </value>
            </param>
            <param index="1">
              <value>
                <![CDATA[Password]]>
              </value>
            </param>
          </params>
          <reporter-output>
          </reporter-output>
        </test-method> <!-- Testcase1 -->
        <test-method is-config="true" signature="closeBrowser()[pri:0, instance:testCases.TestCases@291a7e3c]" started-at="2024-07-20T19:50:58 IST" name="closeBrowser" finished-at="2024-07-20T19:50:58 IST" duration-ms="280" status="PASS">
          <reporter-output>
          </reporter-output>
        </test-method> <!-- closeBrowser -->
        <test-method is-config="true" signature="setupBrowser()[pri:0, instance:testCases.TestCases@291a7e3c]" started-at="2024-07-20T19:50:58 IST" name="setupBrowser" finished-at="2024-07-20T19:51:00 IST" duration-ms="1666" status="PASS">
          <reporter-output>
          </reporter-output>
        </test-method> <!-- setupBrowser -->
        <test-method signature="Testcase2()[pri:2, instance:testCases.TestCases@291a7e3c]" started-at="2024-07-20T19:51:00 IST" name="Testcase2" finished-at="2024-07-20T19:51:00 IST" duration-ms="159" status="PASS">
          <reporter-output>
          </reporter-output>
        </test-method> <!-- Testcase2 -->
        <test-method is-config="true" signature="closeBrowser()[pri:0, instance:testCases.TestCases@291a7e3c]" started-at="2024-07-20T19:51:01 IST" name="closeBrowser" finished-at="2024-07-20T19:51:01 IST" duration-ms="211" status="PASS">
          <reporter-output>
          </reporter-output>
        </test-method> <!-- closeBrowser -->
        <test-method is-config="true" signature="setupBrowser()[pri:0, instance:testCases.TestCases@291a7e3c]" started-at="2024-07-20T19:51:01 IST" name="setupBrowser" finished-at="2024-07-20T19:51:02 IST" duration-ms="1312" status="PASS">
          <reporter-output>
          </reporter-output>
        </test-method> <!-- setupBrowser -->
        <test-method signature="Testcase3()[pri:3, instance:testCases.TestCases@291a7e3c]" started-at="2024-07-20T19:51:02 IST" name="Testcase3" finished-at="2024-07-20T19:51:02 IST" duration-ms="181" status="PASS">
          <reporter-output>
          </reporter-output>
        </test-method> <!-- Testcase3 -->
        <test-method is-config="true" signature="closeBrowser()[pri:0, instance:testCases.TestCases@291a7e3c]" started-at="2024-07-20T19:51:03 IST" name="closeBrowser" finished-at="2024-07-20T19:51:03 IST" duration-ms="242" status="PASS">
          <reporter-output>
          </reporter-output>
        </test-method> <!-- closeBrowser -->
        <test-method is-config="true" signature="setupBrowser()[pri:0, instance:testCases.TestCases@291a7e3c]" started-at="2024-07-20T19:51:03 IST" name="setupBrowser" finished-at="2024-07-20T19:51:04 IST" duration-ms="1375" status="PASS">
          <reporter-output>
          </reporter-output>
        </test-method> <!-- setupBrowser -->
        <test-method signature="Testcase4()[pri:4, instance:testCases.TestCases@291a7e3c]" started-at="2024-07-20T19:51:04 IST" name="Testcase4" finished-at="2024-07-20T19:51:04 IST" duration-ms="60" status="PASS">
          <reporter-output>
          </reporter-output>
        </test-method> <!-- Testcase4 -->
        <test-method is-config="true" signature="closeBrowser()[pri:0, instance:testCases.TestCases@291a7e3c]" started-at="2024-07-20T19:51:05 IST" name="closeBrowser" finished-at="2024-07-20T19:51:05 IST" duration-ms="240" status="PASS">
          <reporter-output>
          </reporter-output>
        </test-method> <!-- closeBrowser -->
        <test-method is-config="true" signature="setupBrowser()[pri:0, instance:testCases.TestCases@291a7e3c]" started-at="2024-07-20T19:51:05 IST" name="setupBrowser" finished-at="2024-07-20T19:51:06 IST" duration-ms="1331" status="PASS">
          <reporter-output>
          </reporter-output>
        </test-method> <!-- setupBrowser -->
        <test-method signature="Testcase5()[pri:5, instance:testCases.TestCases@291a7e3c]" started-at="2024-07-20T19:51:06 IST" name="Testcase5" finished-at="2024-07-20T19:51:11 IST" duration-ms="4626" status="PASS">
          <reporter-output>
          </reporter-output>
        </test-method> <!-- Testcase5 -->
        <test-method is-config="true" signature="closeBrowser()[pri:0, instance:testCases.TestCases@291a7e3c]" started-at="2024-07-20T19:51:11 IST" name="closeBrowser" finished-at="2024-07-20T19:51:11 IST" duration-ms="248" status="PASS">
          <reporter-output>
          </reporter-output>
        </test-method> <!-- closeBrowser -->
        <test-method is-config="true" signature="setupBrowser()[pri:0, instance:testCases.TestCases@291a7e3c]" started-at="2024-07-20T19:51:11 IST" name="setupBrowser" finished-at="2024-07-20T19:51:13 IST" duration-ms="1568" status="PASS">
          <reporter-output>
          </reporter-output>
        </test-method> <!-- setupBrowser -->
        <test-method signature="Testcase6()[pri:6, instance:testCases.TestCases@291a7e3c]" started-at="2024-07-20T19:51:13 IST" name="Testcase6" finished-at="2024-07-20T19:51:13 IST" duration-ms="71" status="PASS">
          <reporter-output>
          </reporter-output>
        </test-method> <!-- Testcase6 -->
        <test-method is-config="true" signature="closeBrowser()[pri:0, instance:testCases.TestCases@291a7e3c]" started-at="2024-07-20T19:51:13 IST" name="closeBrowser" finished-at="2024-07-20T19:51:14 IST" duration-ms="247" status="PASS">
          <reporter-output>
          </reporter-output>
        </test-method> <!-- closeBrowser -->
      </class> <!-- testCases.TestCases -->
    </test> <!-- Test -->
  </suite> <!-- Suite -->
</testng-results>
